TN:
SF:modules\users\user.controller.ts
FN:6,(anonymous_0)
FN:24,(anonymous_1)
FN:87,(anonymous_2)
FN:92,(anonymous_3)
FN:101,(anonymous_4)
FN:122,(anonymous_5)
FN:139,(anonymous_6)
FN:150,(anonymous_7)
FNF:8
FNH:2
FNDA:1,(anonymous_0)
FNDA:0,(anonymous_1)
FNDA:1,(anonymous_2)
FNDA:0,(anonymous_3)
FNDA:0,(anonymous_4)
FNDA:0,(anonymous_5)
FNDA:0,(anonymous_6)
FNDA:0,(anonymous_7)
DA:6,1
DA:7,1
DA:13,1
DA:14,1
DA:15,1
DA:16,1
DA:18,1
DA:19,1
DA:20,1
DA:24,1
DA:29,0
DA:30,0
DA:31,0
DA:32,0
DA:34,0
DA:35,0
DA:77,0
DA:78,0
DA:80,0
DA:82,0
DA:83,0
DA:87,1
DA:88,1
DA:89,1
DA:92,1
DA:96,0
DA:101,1
DA:107,0
DA:108,0
DA:110,0
DA:111,0
DA:114,0
DA:117,0
DA:122,1
DA:126,0
DA:127,0
DA:128,0
DA:132,0
DA:139,1
DA:143,0
DA:144,0
DA:145,0
DA:150,1
DA:154,0
DA:155,0
DA:156,0
LF:46
LH:18
BRDA:13,0,0,1
BRDA:13,0,1,0
BRDA:14,1,0,1
BRDA:14,1,1,0
BRDA:29,2,0,0
BRDA:29,2,1,0
BRDA:30,3,0,0
BRDA:30,3,1,0
BRDA:108,4,0,0
BRDA:108,4,1,0
BRDA:111,5,0,0
BRDA:111,5,1,0
BRDA:127,6,0,0
BRDA:127,6,1,0
BRDA:144,7,0,0
BRDA:144,7,1,0
BRDA:155,8,0,0
BRDA:155,8,1,0
BRF:18
BRH:2
end_of_record
TN:
SF:modules\users\user.model.ts
FNF:0
FNH:0
DA:3,1
LF:1
LH:1
BRF:0
BRH:0
end_of_record
TN:
SF:tests\common.ts
FN:8,(anonymous_0)
FN:16,(anonymous_1)
FNF:2
FNH:2
FNDA:1,(anonymous_0)
FNDA:1,(anonymous_1)
DA:7,1
DA:9,1
DA:13,1
DA:17,1
DA:18,1
LF:5
LH:5
BRF:0
BRH:0
end_of_record
