TN:
SF:modules\blog\blog.controller.ts
FN:5,(anonymous_0)
FN:9,(anonymous_1)
FN:68,(anonymous_2)
FN:72,(anonymous_3)
FN:79,(anonymous_4)
FNF:5
FNH:5
FNDA:4,(anonymous_0)
FNDA:1,(anonymous_1)
FNDA:1,(anonymous_2)
FNDA:1,(anonymous_3)
FNDA:1,(anonymous_4)
DA:5,1
DA:6,4
DA:9,1
DA:14,1
DA:15,1
DA:17,1
DA:20,1
DA:23,1
DA:60,1
DA:61,1
DA:62,1
DA:64,1
DA:68,1
DA:69,1
DA:72,1
DA:76,1
DA:79,1
DA:80,1
LF:18
LH:18
BRDA:14,0,0,1
BRDA:14,0,1,0
BRDA:15,1,0,1
BRDA:15,1,1,0
BRDA:62,2,0,1
BRDA:62,2,1,0
BRF:6
BRH:3
end_of_record
TN:
SF:modules\blog\blog.model.ts
FNF:0
FNH:0
DA:4,1
LF:1
LH:1
BRF:0
BRH:0
end_of_record
TN:
SF:modules\users\user.controller.ts
FN:6,(anonymous_0)
FN:23,(anonymous_1)
FN:86,(anonymous_2)
FN:91,(anonymous_3)
FN:100,(anonymous_4)
FN:122,(anonymous_5)
FN:139,(anonymous_6)
FN:150,(anonymous_7)
FNF:8
FNH:3
FNDA:0,(anonymous_0)
FNDA:0,(anonymous_1)
FNDA:1,(anonymous_2)
FNDA:1,(anonymous_3)
FNDA:3,(anonymous_4)
FNDA:0,(anonymous_5)
FNDA:0,(anonymous_6)
FNDA:0,(anonymous_7)
DA:6,1
DA:7,0
DA:13,0
DA:14,0
DA:15,0
DA:16,0
DA:18,0
DA:19,0
DA:23,1
DA:28,0
DA:29,0
DA:30,0
DA:31,0
DA:33,0
DA:34,0
DA:76,0
DA:77,0
DA:79,0
DA:81,0
DA:82,0
DA:86,1
DA:87,1
DA:88,1
DA:91,1
DA:95,1
DA:100,1
DA:106,3
DA:107,3
DA:109,2
DA:110,2
DA:113,1
DA:116,1
DA:122,1
DA:126,0
DA:127,0
DA:128,0
DA:132,0
DA:139,1
DA:143,0
DA:144,0
DA:145,0
DA:150,1
DA:154,0
DA:155,0
DA:156,0
LF:45
LH:17
BRDA:13,0,0,0
BRDA:13,0,1,0
BRDA:14,1,0,0
BRDA:14,1,1,0
BRDA:28,2,0,0
BRDA:28,2,1,0
BRDA:29,3,0,0
BRDA:29,3,1,0
BRDA:107,4,0,1
BRDA:107,4,1,2
BRDA:110,5,0,1
BRDA:110,5,1,1
BRDA:127,6,0,0
BRDA:127,6,1,0
BRDA:144,7,0,0
BRDA:144,7,1,0
BRDA:155,8,0,0
BRDA:155,8,1,0
BRF:18
BRH:4
end_of_record
TN:
SF:modules\users\user.model.ts
FNF:0
FNH:0
DA:3,1
LF:1
LH:1
BRF:0
BRH:0
end_of_record
TN:
SF:tests\common.ts
FN:8,(anonymous_0)
FN:16,(anonymous_1)
FNF:2
FNH:2
FNDA:2,(anonymous_0)
FNDA:2,(anonymous_1)
DA:7,2
DA:9,2
DA:13,2
DA:17,2
DA:18,2
LF:5
LH:5
BRF:0
BRH:0
end_of_record
